# JRE version: Java(TM) SE Runtime Environment 18.9 (11.0.13+10) (build 11.0.13+10-LTS-370)
# Java VM: Java HotSpot(TM) 64-Bit Server VM 18.9 (11.0.13+10-LTS-370, mixed mode, tiered, compressed oops, g1 gc, windows-amd64)
Heap:
 garbage-first heap   total 155648K, used 100000K [0x0000000083600000, 0x0000000100000000)
  region size 1024K, 90 young (92160K), 6 survivors (6144K)
 Metaspace       used 50421K, capacity 51768K, committed 51920K, reserved 1093632K
  class space    used 6348K, capacity 6923K, committed 7040K, reserved 1048576K
GC Heap History (10 events):
Event: 1.069 GC heap before
{Heap before GC invocations=1 (full 0):
 garbage-first heap   total 129024K, used 67705K [0x0000000083600000, 0x0000000100000000)
  region size 1024K, 63 young (64512K), 3 survivors (3072K)
 Metaspace       used 20464K, capacity 21095K, committed 21296K, reserved 1069056K
  class space    used 2304K, capacity 2588K, committed 2688K, reserved 1048576K
}
Event: 1.078 GC heap after
{Heap after GC invocations=2 (full 0):
 garbage-first heap   total 129024K, used 10041K [0x0000000083600000, 0x0000000100000000)
  region size 1024K, 6 young (6144K), 6 survivors (6144K)
 Metaspace       used 20464K, capacity 21095K, committed 21296K, reserved 1069056K
  class space    used 2304K, capacity 2588K, committed 2688K, reserved 1048576K
}
Event: 1.492 GC heap before
{Heap before GC invocations=3 (full 0):
 garbage-first heap   total 129024K, used 48953K [0x0000000083600000, 0x0000000100000000)
  region size 1024K, 44 young (45056K), 6 survivors (6144K)
 Metaspace       used 26799K, capacity 27674K, committed 27824K, reserved 1073152K
  class space    used 3095K, capacity 3464K, committed 3584K, reserved 1048576K
}
Event: 1.499 GC heap after
{Heap after GC invocations=4 (full 0):
 garbage-first heap   total 129024K, used 10932K [0x0000000083600000, 0x0000000100000000)
  region size 1024K, 4 young (4096K), 4 survivors (4096K)
 Metaspace       used 26799K, capacity 27674K, committed 27824K, reserved 1073152K
  class space    used 3095K, capacity 3464K, committed 3584K, reserved 1048576K
}
Event: 2.027 GC heap before
{Heap before GC invocations=4 (full 0):
 garbage-first heap   total 129024K, used 74420K [0x0000000083600000, 0x0000000100000000)
  region size 1024K, 67 young (68608K), 4 survivors (4096K)
 Metaspace       used 28922K, capacity 29844K, committed 30128K, reserved 1075200K
  class space    used 3370K, capacity 3785K, committed 3840K, reserved 1048576K
}
Event: 2.034 GC heap after
{Heap after GC invocations=5 (full 0):
 garbage-first heap   total 129024K, used 12279K [0x0000000083600000, 0x0000000100000000)
  region size 1024K, 5 young (5120K), 5 survivors (5120K)
 Metaspace       used 28922K, capacity 29844K, committed 30128K, reserved 1075200K
  class space    used 3370K, capacity 3785K, committed 3840K, reserved 1048576K
}
Event: 2.926 GC heap before
{Heap before GC invocations=5 (full 0):
 garbage-first heap   total 129024K, used 81911K [0x0000000083600000, 0x0000000100000000)
  region size 1024K, 73 young (74752K), 5 survivors (5120K)
 Metaspace       used 34415K, capacity 35527K, committed 35760K, reserved 1081344K
  class space    used 4106K, capacity 4556K, committed 4608K, reserved 1048576K
}
Event: 2.937 GC heap after
{Heap after GC invocations=6 (full 0):
 garbage-first heap   total 155648K, used 14800K [0x0000000083600000, 0x0000000100000000)
  region size 1024K, 8 young (8192K), 8 survivors (8192K)
 Metaspace       used 34415K, capacity 35527K, committed 35760K, reserved 1081344K
  class space    used 4106K, capacity 4556K, committed 4608K, reserved 1048576K
}
Event: 2.959 GC heap before
{Heap before GC invocations=6 (full 0):
 garbage-first heap   total 155648K, used 16848K [0x0000000083600000, 0x0000000100000000)
  region size 1024K, 11 young (11264K), 8 survivors (8192K)
 Metaspace       used 34644K, capacity 35762K, committed 35920K, reserved 1081344K
  class space    used 4152K, capacity 4592K, committed 4608K, reserved 1048576K
}
Event: 2.969 GC heap after
{Heap after GC invocations=7 (full 0):
 garbage-first heap   total 155648K, used 15008K [0x0000000083600000, 0x0000000100000000)
  region size 1024K, 6 young (6144K), 6 survivors (6144K)
 Metaspace       used 34644K, capacity 35762K, committed 35920K, reserved 1081344K
  class space    used 4152K, capacity 4592K, committed 4608K, reserved 1048576K
}

